Executing tasks: [:gpslogger:testDebugUnitTest, --tests, com.mendhak.gpslogger.loggers.geojson.GeoJSONWriterPointsTestMe] in project C:\Users\adm\Desktop\ES-entrega3\gpslogger

Configuration cache is an incubating feature.
Calculating task graph as no configuration cache is available for tasks: :gpslogger:testDebugUnitTest --tests com.mendhak.gpslogger.loggers.geojson.GeoJSONWriterPointsTestMe
> Configure project :gpslogger
AGPBI: {"kind":"warning","text":"The option setting 'android.jetifier.ignorelist=jsch-0.1.67.jar' is experimental.","sources":[{}]}
> Task :gpslogger:buildTranslationArray UP-TO-DATE
> Task :gpslogger:copyFAQsIntoAssets
> Task :gpslogger:preBuild
> Task :gpslogger:preDebugBuild
> Task :gpslogger:preDebugUnitTestBuild
> Task :gpslogger:generateDebugResValues UP-TO-DATE
> Task :gpslogger:javaPreCompileDebugUnitTest UP-TO-DATE
> Task :gpslogger:processDebugJavaRes NO-SOURCE
> Task :gpslogger:generateDebugResources UP-TO-DATE
> Task :gpslogger:createDebugCompatibleScreenManifests UP-TO-DATE
> Task :gpslogger:javaPreCompileDebug UP-TO-DATE
> Task :gpslogger:generateDebugBuildConfig UP-TO-DATE
> Task :gpslogger:processDebugUnitTestJavaRes NO-SOURCE
> Task :gpslogger:extractDeepLinksDebug UP-TO-DATE
> Task :gpslogger:mapDebugSourceSetPaths UP-TO-DATE
> Task :gpslogger:checkDebugAarMetadata UP-TO-DATE
> Task :gpslogger:mergeDebugResources UP-TO-DATE
> Task :gpslogger:processDebugMainManifest UP-TO-DATE
> Task :gpslogger:processDebugManifest UP-TO-DATE
> Task :gpslogger:processDebugManifestForPackage UP-TO-DATE
> Task :gpslogger:processDebugResources UP-TO-DATE
> Task :gpslogger:compileDebugJavaWithJavac UP-TO-DATE
> Task :gpslogger:bundleDebugClassesToCompileJar UP-TO-DATE
> Task :gpslogger:bundleDebugClassesToRuntimeJar UP-TO-DATE
> Task :gpslogger:compileDebugUnitTestJavaWithJavac UP-TO-DATE
> Task :gpslogger:testDebugUnitTest FAILED

Cannot invoke "java.io.File.exists()" because the return value of "java.io.File.getAbsoluteFile()" is null
java.lang.NullPointerException: Cannot invoke "java.io.File.exists()" because the return value of "java.io.File.getAbsoluteFile()" is null
	at com.mendhak.gpslogger.loggers.Files.reallyExists(Files.java:206)
	at com.mendhak.gpslogger.loggers.geojson.GeoJSONWriterPoints.run(GeoJSONWriterPoints.java:58)
	at com.mendhak.gpslogger.loggers.geojson.GeoJSONWriterPointsTestMe.testRun(GeoJSONWriterPointsTestMe.java:46)
	at java.base/jdk.internal.reflect.NativeMethodAccessorImpl.invoke0(Native Method)
	at java.base/jdk.internal.reflect.NativeMethodAccessorImpl.invoke(NativeMethodAccessorImpl.java:77)
	at java.base/jdk.internal.reflect.DelegatingMethodAccessorImpl.invoke(DelegatingMethodAccessorImpl.java:43)
	at java.base/java.lang.reflect.Method.invoke(Method.java:568)
	at org.junit.runners.model.FrameworkMethod$1.runReflectiveCall(FrameworkMethod.java:59)
	at org.junit.internal.runners.model.ReflectiveCallable.run(ReflectiveCallable.java:12)
	at org.junit.runners.model.FrameworkMethod.invokeExplosively(FrameworkMethod.java:56)
	at org.junit.internal.runners.statements.InvokeMethod.evaluate(InvokeMethod.java:17)
	at org.junit.internal.runners.statements.RunBefores.evaluate(RunBefores.java:26)
	at org.junit.runners.ParentRunner$3.evaluate(ParentRunner.java:306)
	at org.junit.runners.BlockJUnit4ClassRunner$1.evaluate(BlockJUnit4ClassRunner.java:100)
	at org.junit.runners.ParentRunner.runLeaf(ParentRunner.java:366)
	at org.junit.runners.BlockJUnit4ClassRunner.runChild(BlockJUnit4ClassRunner.java:103)
	at org.junit.runners.BlockJUnit4ClassRunner.runChild(BlockJUnit4ClassRunner.java:63)
	at org.junit.runners.ParentRunner$4.run(ParentRunner.java:331)
	at org.junit.runners.ParentRunner$1.schedule(ParentRunner.java:79)
	at org.junit.runners.ParentRunner.runChildren(ParentRunner.java:329)
	at org.junit.runners.ParentRunner.access$100(ParentRunner.java:66)
	at org.junit.runners.ParentRunner$2.evaluate(ParentRunner.java:293)
	at org.junit.runners.ParentRunner$3.evaluate(ParentRunner.java:306)
	at org.junit.runners.ParentRunner.run(ParentRunner.java:413)
	at org.gradle.api.internal.tasks.testing.junit.JUnitTestClassExecutor.runTestClass(JUnitTestClassExecutor.java:108)
	at org.gradle.api.internal.tasks.testing.junit.JUnitTestClassExecutor.execute(JUnitTestClassExecutor.java:58)
	at org.gradle.api.internal.tasks.testing.junit.JUnitTestClassExecutor.execute(JUnitTestClassExecutor.java:40)
	at org.gradle.api.internal.tasks.testing.junit.AbstractJUnitTestClassProcessor.processTestClass(AbstractJUnitTestClassProcessor.java:60)
	at org.gradle.api.internal.tasks.testing.SuiteTestClassProcessor.processTestClass(SuiteTestClassProcessor.java:52)
	at java.base/jdk.internal.reflect.NativeMethodAccessorImpl.invoke0(Native Method)
	at java.base/jdk.internal.reflect.NativeMethodAccessorImpl.invoke(NativeMethodAccessorImpl.java:77)
	at java.base/jdk.internal.reflect.DelegatingMethodAccessorImpl.invoke(DelegatingMethodAccessorImpl.java:43)
	at java.base/java.lang.reflect.Method.invoke(Method.java:568)
	at org.gradle.internal.dispatch.ReflectionDispatch.dispatch(ReflectionDispatch.java:36)
	at org.gradle.internal.dispatch.ReflectionDispatch.dispatch(ReflectionDispatch.java:24)
	at org.gradle.internal.dispatch.ContextClassLoaderDispatch.dispatch(ContextClassLoaderDispatch.java:33)
	at org.gradle.internal.dispatch.ProxyDispatchAdapter$DispatchingInvocationHandler.invoke(ProxyDispatchAdapter.java:94)
	at jdk.proxy1/jdk.proxy1.$Proxy2.processTestClass(Unknown Source)
	at org.gradle.api.internal.tasks.testing.worker.TestWorker$2.run(TestWorker.java:176)
	at org.gradle.api.internal.tasks.testing.worker.TestWorker.executeAndMaintainThreadName(TestWorker.java:129)
	at org.gradle.api.internal.tasks.testing.worker.TestWorker.execute(TestWorker.java:100)
	at org.gradle.api.internal.tasks.testing.worker.TestWorker.execute(TestWorker.java:60)
	at org.gradle.process.internal.worker.child.ActionExecutionWorker.execute(ActionExecutionWorker.java:56)
	at org.gradle.process.internal.worker.child.SystemApplicationClassLoaderWorker.call(SystemApplicationClassLoaderWorker.java:113)
	at org.gradle.process.internal.worker.child.SystemApplicationClassLoaderWorker.call(SystemApplicationClassLoaderWorker.java:65)
	at worker.org.gradle.process.internal.worker.GradleWorkerMain.run(GradleWorkerMain.java:69)
	at worker.org.gradle.process.internal.worker.GradleWorkerMain.main(GradleWorkerMain.java:74)


<Click to see difference>

org.junit.ComparisonFailure: expected:<[replaceMeWithExpectedResult]> but was:<[,{"type": "Feature","properties":{"time":"null","provider":"getProviderResponse","time_long":0,"accuracy":0.0,"altitude":0.0,"bearing":0.0,"speed":0.0},"geometry":{"type":"Point","coordinates":[0.0,0.0]}}
]}]>
	at org.junit.Assert.assertEquals(Assert.java:117)
	at org.junit.Assert.assertEquals(Assert.java:146)
	at com.mendhak.gpslogger.loggers.geojson.GeoJSONWriterPointsTestMe.testGetString(GeoJSONWriterPointsTestMe.java:65)
	at java.base/jdk.internal.reflect.NativeMethodAccessorImpl.invoke0(Native Method)
	at java.base/jdk.internal.reflect.NativeMethodAccessorImpl.invoke(NativeMethodAccessorImpl.java:77)
	at java.base/jdk.internal.reflect.DelegatingMethodAccessorImpl.invoke(DelegatingMethodAccessorImpl.java:43)
	at java.base/java.lang.reflect.Method.invoke(Method.java:568)
	at org.junit.runners.model.FrameworkMethod$1.runReflectiveCall(FrameworkMethod.java:59)
	at org.junit.internal.runners.model.ReflectiveCallable.run(ReflectiveCallable.java:12)
	at org.junit.runners.model.FrameworkMethod.invokeExplosively(FrameworkMethod.java:56)
	at org.junit.internal.runners.statements.InvokeMethod.evaluate(InvokeMethod.java:17)
	at org.junit.internal.runners.statements.RunBefores.evaluate(RunBefores.java:26)
	at org.junit.runners.ParentRunner$3.evaluate(ParentRunner.java:306)
	at org.junit.runners.BlockJUnit4ClassRunner$1.evaluate(BlockJUnit4ClassRunner.java:100)
	at org.junit.runners.ParentRunner.runLeaf(ParentRunner.java:366)
	at org.junit.runners.BlockJUnit4ClassRunner.runChild(BlockJUnit4ClassRunner.java:103)
	at org.junit.runners.BlockJUnit4ClassRunner.runChild(BlockJUnit4ClassRunner.java:63)
	at org.junit.runners.ParentRunner$4.run(ParentRunner.java:331)
	at org.junit.runners.ParentRunner$1.schedule(ParentRunner.java:79)
	at org.junit.runners.ParentRunner.runChildren(ParentRunner.java:329)
	at org.junit.runners.ParentRunner.access$100(ParentRunner.java:66)
	at org.junit.runners.ParentRunner$2.evaluate(ParentRunner.java:293)
	at org.junit.runners.ParentRunner$3.evaluate(ParentRunner.java:306)
	at org.junit.runners.ParentRunner.run(ParentRunner.java:413)
	at org.gradle.api.internal.tasks.testing.junit.JUnitTestClassExecutor.runTestClass(JUnitTestClassExecutor.java:108)
	at org.gradle.api.internal.tasks.testing.junit.JUnitTestClassExecutor.execute(JUnitTestClassExecutor.java:58)
	at org.gradle.api.internal.tasks.testing.junit.JUnitTestClassExecutor.execute(JUnitTestClassExecutor.java:40)
	at org.gradle.api.internal.tasks.testing.junit.AbstractJUnitTestClassProcessor.processTestClass(AbstractJUnitTestClassProcessor.java:60)
	at org.gradle.api.internal.tasks.testing.SuiteTestClassProcessor.processTestClass(SuiteTestClassProcessor.java:52)
	at java.base/jdk.internal.reflect.NativeMethodAccessorImpl.invoke0(Native Method)
	at java.base/jdk.internal.reflect.NativeMethodAccessorImpl.invoke(NativeMethodAccessorImpl.java:77)
	at java.base/jdk.internal.reflect.DelegatingMethodAccessorImpl.invoke(DelegatingMethodAccessorImpl.java:43)
	at java.base/java.lang.reflect.Method.invoke(Method.java:568)
	at org.gradle.internal.dispatch.ReflectionDispatch.dispatch(ReflectionDispatch.java:36)
	at org.gradle.internal.dispatch.ReflectionDispatch.dispatch(ReflectionDispatch.java:24)
	at org.gradle.internal.dispatch.ContextClassLoaderDispatch.dispatch(ContextClassLoaderDispatch.java:33)
	at org.gradle.internal.dispatch.ProxyDispatchAdapter$DispatchingInvocationHandler.invoke(ProxyDispatchAdapter.java:94)
	at jdk.proxy1/jdk.proxy1.$Proxy2.processTestClass(Unknown Source)
	at org.gradle.api.internal.tasks.testing.worker.TestWorker$2.run(TestWorker.java:176)
	at org.gradle.api.internal.tasks.testing.worker.TestWorker.executeAndMaintainThreadName(TestWorker.java:129)
	at org.gradle.api.internal.tasks.testing.worker.TestWorker.execute(TestWorker.java:100)
	at org.gradle.api.internal.tasks.testing.worker.TestWorker.execute(TestWorker.java:60)
	at org.gradle.process.internal.worker.child.ActionExecutionWorker.execute(ActionExecutionWorker.java:56)
	at org.gradle.process.internal.worker.child.SystemApplicationClassLoaderWorker.call(SystemApplicationClassLoaderWorker.java:113)
	at org.gradle.process.internal.worker.child.SystemApplicationClassLoaderWorker.call(SystemApplicationClassLoaderWorker.java:65)
	at worker.org.gradle.process.internal.worker.GradleWorkerMain.run(GradleWorkerMain.java:69)
	at worker.org.gradle.process.internal.worker.GradleWorkerMain.main(GradleWorkerMain.java:74)


com.mendhak.gpslogger.loggers.geojson.GeoJSONWriterPointsTestMe > testRun FAILED
    java.lang.NullPointerException: Cannot invoke "java.io.File.exists()" because the return value of "java.io.File.getAbsoluteFile()" is null
        at com.mendhak.gpslogger.loggers.Files.reallyExists(Files.java:206)
        at com.mendhak.gpslogger.loggers.geojson.GeoJSONWriterPoints.run(GeoJSONWriterPoints.java:58)
        at com.mendhak.gpslogger.loggers.geojson.GeoJSONWriterPointsTestMe.testRun(GeoJSONWriterPointsTestMe.java:46)
com.mendhak.gpslogger.loggers.geojson.GeoJSONWriterPointsTestMe > testGetString FAILED
    org.junit.ComparisonFailure: expected:<[replaceMeWithExpectedResult]> but was:<[,{"type": "Feature","properties":{"time":"null","provider":"getProviderResponse","time_long":0,"accuracy":0.0,"altitude":0.0,"bearing":0.0,"speed":0.0},"geometry":{"type":"Point","coordinates":[0.0,0.0]}}
    ]}]>
        at org.junit.Assert.assertEquals(Assert.java:117)
        at org.junit.Assert.assertEquals(Assert.java:146)
        at com.mendhak.gpslogger.loggers.geojson.GeoJSONWriterPointsTestMe.testGetString(GeoJSONWriterPointsTestMe.java:65)
2 tests completed, 2 failed

0 problems were found storing the configuration cache.

See the complete report at file:///C:/Users/adm/Desktop/ES-entrega3/gpslogger/build/reports/configuration-cache/17o2sgtcxl2kctta6fbu7r04d/cs7quxutq2y2leucry0gngapx/configuration-cache-report.html
FAILURE: Build failed with an exception.
* What went wrong:
Execution failed for task ':gpslogger:testDebugUnitTest'.
> There were failing tests. See the report at: file:///C:/Users/adm/Desktop/ES-entrega3/gpslogger/gpslogger/build/reports/tests/testDebugUnitTest/index.html
* Try:
> Run with --stacktrace option to get the stack trace.
> Run with --info or --debug option to get more log output.
> Run with --scan to get full insights.
* Get more help at https://help.gradle.org
BUILD FAILED in 2s
19 actionable tasks: 2 executed, 17 up-to-date
Configuration cache entry stored.
18:26:13: Execution finished ':gpslogger:testDebugUnitTest --tests "com.mendhak.gpslogger.loggers.geojson.GeoJSONWriterPointsTestMe"'.